StickyListHeaders/build/outputs/logs/manifest-merger-debug-report.txt
-- Merging decision tree log ---
manifest
ADDED from magic-8-ball-android-vvklr\StickyListHeaders\AndroidManifest.xml:2:1-9:12
INJECTED from magic-8-ball-android-vvklr\StickyListHeaders\AndroidManifest.xml:2:1-9:12
INJECTED from magic-8-ball-android-vvklr\StickyListHeaders\AndroidManifest.xml:2:1-9:12
INJECTED from magic-8-ball-android-vvklr\StickyListHeaders\AndroidManifest.xml:2:1-9:12
INJECTED from magic-8-ball-android-vvklr\StickyListHeaders\AndroidManifest.xml:2:1-9:12
INJECTED from magic-8-ball-android-vvklr\StickyListHeaders\AndroidManifest.xml:2:1-9:12
INJECTED from magic-8-ball-android-vvklr\StickyListHeaders\AndroidManifest.xml:2:1-9:12
	package
		ADDED from magic-8-ball-android-vvklr\StickyListHeaders\AndroidManifest.xml:3:5-49
		INJECTED from magic-8-ball-android-vvklr\StickyListHeaders\AndroidManifest.xml
		INJECTED from magic-8-ball-android-vvklr\StickyListHeaders\AndroidManifest.xml
	android:versionName
		ADDED from magic-8-ball-android-vvklr\StickyListHeaders\AndroidManifest.xml:5:5-30
		INJECTED from magic-8-ball-android-vvklr\StickyListHeaders\AndroidManifest.xml
		INJECTED from magic-8-ball-android-vvklr\StickyListHeaders\AndroidManifest.xml
	xmlns:android
		ADDED from magic-8-ball-android-vvklr\StickyListHeaders\AndroidManifest.xml:2:11-69
	android:versionCode
		ADDED from magic-8-ball-android-vvklr\StickyListHeaders\AndroidManifest.xml:4:5-28
		INJECTED from magic-8-ball-android-vvklr\StickyListHeaders\AndroidManifest.xml
		INJECTED from magic-8-ball-android-vvklr\StickyListHeaders\AndroidManifest.xml
uses-sdk
ADDED from magic-8-ball-android-vvklr\StickyListHeaders\AndroidManifest.xml:7:5-47
	android:targetSdkVersion
		ADDED from magic-8-ball-android-vvklr\StickyListHeaders\AndroidManifest.xml:7:15-44